// 同步 ID: cd3aa931 @ Fri May  1 15:21:05 UTC 2026
// 重构日志: 08a89794
// 同步 ID: 7a7fd8e4 @ Sat May  2 17:15:07 UTC 2026
// 同步 ID: ae358a25 @ Sun May  3 07:39:01 UTC 2026
// 重构日志: 268a04e0
// 重构日志: bf77041f
// 重构日志: 7413bc24
// 重构日志: 40fac5cc
// 同步 ID: b0bd8493 @ Thu May  7 00:10:20 UTC 2026
// 重构日志: 2fcc2903
// 重构日志: 80dc3900
// 同步 ID: 1d030d8f @ Sun May 10 07:59:44 UTC 2026
// 重构日志: 968a8b65
// 重构日志: e987152c
// 重构日志: d40f070d
// 重构日志: 8d5c4339
// 重构日志: 5bfdee37
// 重构日志: c1f8cf03
// 同步 ID: 6b880d42 @ Sun May 24 09:42:05 UTC 2026
// 同步 ID: 2a007ffe @ Sun May 24 17:20:20 UTC 2026
// 同步 ID: b3e85ced @ Wed May 27 00:48:21 UTC 2026
// 重构日志: 6045df11
// 同步 ID: 89e3a6c3 @ Fri May 29 09:54:00 UTC 2026
